<?xml version="1.0" encoding="UTF-8"?>
<testng-results ignored="0" total="1" passed="1" failed="0" skipped="0">
  <reporter-output>
  </reporter-output>
  <suite started-at="2021-01-16T00:53:58 BOT" name="Default suite" finished-at="2021-01-16T00:54:09 BOT" duration-ms="10404">
    <groups>
    </groups>
    <test started-at="2021-01-16T00:53:58 BOT" name="Default test" finished-at="2021-01-16T00:54:09 BOT" duration-ms="10404">
      <class name="com.qualitystream.code.examples.CheckDownloadFile">
        <test-method is-config="true" signature="beforeClass()[pri:0, instance:com.qualitystream.code.examples.CheckDownloadFile@568ff82]" started-at="2021-01-16T00:53:59 BOT" name="beforeClass" finished-at="2021-01-16T00:54:08 BOT" duration-ms="9123" status="PASS">
          <reporter-output>
          </reporter-output>
        </test-method> <!-- beforeClass -->
        <test-method signature="checkDownloadFile()[pri:0, instance:com.qualitystream.code.examples.CheckDownloadFile@568ff82]" started-at="2021-01-16T00:54:08 BOT" name="checkDownloadFile" finished-at="2021-01-16T00:54:09 BOT" duration-ms="1226" status="PASS">
          <reporter-output>
          </reporter-output>
        </test-method> <!-- checkDownloadFile -->
        <test-method is-config="true" signature="afterClass()[pri:0, instance:com.qualitystream.code.examples.CheckDownloadFile@568ff82]" started-at="2021-01-16T00:54:09 BOT" name="afterClass" finished-at="2021-01-16T00:54:09 BOT" duration-ms="1" status="PASS">
          <reporter-output>
          </reporter-output>
        </test-method> <!-- afterClass -->
      </class> <!-- com.qualitystream.code.examples.CheckDownloadFile -->
    </test> <!-- Default test -->
  </suite> <!-- Default suite -->
</testng-results>
